Renderer info: Intel(R) Iris(R) Xe Graphics version 4.6.0 - Build 31.0.101.5522 from Intel
Depth buffer bits: 24
Multisampling enabled
Adding file system path "C:/Users/jerma/Downloads/quake-leveldesign-starterkit-20240916-windows/level-editor\\defaults\\assets"
Adding file system path "C:/Users/jerma/Downloads/quake-leveldesign-starterkit-20240916-windows/tools/ironwail\\id1"
Adding file system package "PAK0.PAK"
Adding file system package "PAK1.PAK"
Loading document from C:\Users\jerma\Downloads\quake-leveldesign-starterkit-20240916-windows\working\quake\downtownaquarium\DwnTwnAquarium.map
Found 0 shaders
Loaded entity definition file Quake.fgd
Found 0 shaders
Loaded "C:\\Users\\jerma\\Downloads\\quake-leveldesign-starterkit-20240916-windows\\working\\quake\\downtownaquarium\\DwnTwnAquarium.map" in 151ms
Created autosave backup at "C:\\Users\\jerma\\Downloads\\quake-leveldesign-starterkit-20240916-windows\\working\\quake\\downtownaquarium\\autosave\\DwnTwnAquarium.9.map"
Saved "C:\\Users\\jerma\\Downloads\\quake-leveldesign-starterkit-20240916-windows\\working\\quake\\downtownaquarium\\DwnTwnAquarium.map" in 38ms
Created autosave backup at "C:\\Users\\jerma\\Downloads\\quake-leveldesign-starterkit-20240916-windows\\working\\quake\\downtownaquarium\\autosave\\DwnTwnAquarium.10.map"
Saved "C:\\Users\\jerma\\Downloads\\quake-leveldesign-starterkit-20240916-windows\\working\\quake\\downtownaquarium\\DwnTwnAquarium.map" in 37ms
Saved "C:\\Users\\jerma\\Downloads\\quake-leveldesign-starterkit-20240916-windows\\working\\quake\\downtownaquarium\\DwnTwnAquarium.map" in 36ms
Created autosave backup at "C:\\Users\\jerma\\Downloads\\quake-leveldesign-starterkit-20240916-windows\\working\\quake\\downtownaquarium\\autosave\\DwnTwnAquarium.11.map"
Created autosave backup at "C:\\Users\\jerma\\Downloads\\quake-leveldesign-starterkit-20240916-windows\\working\\quake\\downtownaquarium\\autosave\\DwnTwnAquarium.4.map"
Could not resize brush: Brush is empty
Could not resize brush: Brush is empty
Could not resize brush: Brush is empty
Created autosave backup at "C:\\Users\\jerma\\Downloads\\quake-leveldesign-starterkit-20240916-windows\\working\\quake\\downtownaquarium\\autosave\\DwnTwnAquarium.5.map"
Created autosave backup at "C:\\Users\\jerma\\Downloads\\quake-leveldesign-starterkit-20240916-windows\\working\\quake\\downtownaquarium\\autosave\\DwnTwnAquarium.6.map"
Created autosave backup at "C:\\Users\\jerma\\Downloads\\quake-leveldesign-starterkit-20240916-windows\\working\\quake\\downtownaquarium\\autosave\\DwnTwnAquarium.7.map"
Saved "C:\\Users\\jerma\\Downloads\\quake-leveldesign-starterkit-20240916-windows\\working\\quake\\downtownaquarium\\DwnTwnAquarium.map" in 40ms
Created autosave backup at "C:\\Users\\jerma\\Downloads\\quake-leveldesign-starterkit-20240916-windows\\working\\quake\\downtownaquarium\\autosave\\DwnTwnAquarium.8.map"
Created autosave backup at "C:\\Users\\jerma\\Downloads\\quake-leveldesign-starterkit-20240916-windows\\working\\quake\\downtownaquarium\\autosave\\DwnTwnAquarium.9.map"
Found 0 shaders
Found 0 shaders
Found 0 shaders
Created autosave backup at "C:\\Users\\jerma\\Downloads\\quake-leveldesign-starterkit-20240916-windows\\working\\quake\\downtownaquarium\\autosave\\DwnTwnAquarium.10.map"
Saved "C:\\Users\\jerma\\Downloads\\quake-leveldesign-starterkit-20240916-windows\\working\\quake\\downtownaquarium\\DwnTwnAquarium.map" in 29ms
Created autosave backup at "C:\\Users\\jerma\\Downloads\\quake-leveldesign-starterkit-20240916-windows\\working\\quake\\downtownaquarium\\autosave\\DwnTwnAquarium.11.map"
